mode: set
github.com/fiorix/go-smpp/cmd/smsapid/internal/cors.go:14.67,17.33 3 1
github.com/fiorix/go-smpp/cmd/smsapid/internal/cors.go:20.2,20.54 1 1
github.com/fiorix/go-smpp/cmd/smsapid/internal/cors.go:17.33,19.3 1 1
github.com/fiorix/go-smpp/cmd/smsapid/internal/cors.go:20.54,22.38 2 1
github.com/fiorix/go-smpp/cmd/smsapid/internal/cors.go:25.3,28.28 4 1
github.com/fiorix/go-smpp/cmd/smsapid/internal/cors.go:32.3,32.40 1 1
github.com/fiorix/go-smpp/cmd/smsapid/internal/cors.go:36.3,39.32 2 1
github.com/fiorix/go-smpp/cmd/smsapid/internal/cors.go:22.38,24.4 1 1
github.com/fiorix/go-smpp/cmd/smsapid/internal/cors.go:28.28,31.4 2 1
github.com/fiorix/go-smpp/cmd/smsapid/internal/cors.go:32.40,35.4 2 1
github.com/fiorix/go-smpp/cmd/smsapid/internal/form.go:27.47,28.22 1 1
github.com/fiorix/go-smpp/cmd/smsapid/internal/form.go:40.2,40.12 1 1
github.com/fiorix/go-smpp/cmd/smsapid/internal/form.go:28.22,30.28 2 1
github.com/fiorix/go-smpp/cmd/smsapid/internal/form.go:34.3,34.29 1 1
github.com/fiorix/go-smpp/cmd/smsapid/internal/form.go:38.3,38.15 1 1
github.com/fiorix/go-smpp/cmd/smsapid/internal/form.go:30.28,33.4 1 1
github.com/fiorix/go-smpp/cmd/smsapid/internal/form.go:34.29,37.4 1 1
github.com/fiorix/go-smpp/cmd/smsapid/internal/form.go:45.37,46.22 1 1
github.com/fiorix/go-smpp/cmd/smsapid/internal/form.go:49.2,49.32 1 1
github.com/fiorix/go-smpp/cmd/smsapid/internal/form.go:54.2,54.14 1 1
github.com/fiorix/go-smpp/cmd/smsapid/internal/form.go:46.22,48.3 1 1
github.com/fiorix/go-smpp/cmd/smsapid/internal/form.go:49.32,50.15 1 1
github.com/fiorix/go-smpp/cmd/smsapid/internal/form.go:50.15,52.4 1 1
github.com/fiorix/go-smpp/cmd/smsapid/internal/http.go:42.49,47.2 3 1
github.com/fiorix/go-smpp/cmd/smsapid/internal/http.go:53.71,61.2 7 1
github.com/fiorix/go-smpp/cmd/smsapid/internal/http.go:63.35,65.24 2 1
github.com/fiorix/go-smpp/cmd/smsapid/internal/http.go:70.2,70.53 1 1
github.com/fiorix/go-smpp/cmd/smsapid/internal/http.go:65.24,67.3 1 1
github.com/fiorix/go-smpp/cmd/smsapid/internal/http.go:67.3,69.3 1 1
github.com/fiorix/go-smpp/cmd/smsapid/internal/http.go:73.39,74.52 1 1
github.com/fiorix/go-smpp/cmd/smsapid/internal/http.go:118.2,118.37 1 1
github.com/fiorix/go-smpp/cmd/smsapid/internal/http.go:74.52,84.42 4 1
github.com/fiorix/go-smpp/cmd/smsapid/internal/http.go:88.3,88.14 1 1
github.com/fiorix/go-smpp/cmd/smsapid/internal/http.go:96.3,96.14 1 1
github.com/fiorix/go-smpp/cmd/smsapid/internal/http.go:102.3,103.34 2 1
github.com/fiorix/go-smpp/cmd/smsapid/internal/http.go:109.3,109.17 1 1
github.com/fiorix/go-smpp/cmd/smsapid/internal/http.go:113.3,116.18 2 1
github.com/fiorix/go-smpp/cmd/smsapid/internal/http.go:84.42,87.4 2 1
github.com/fiorix/go-smpp/cmd/smsapid/internal/http.go:89.3,90.30 1 1
github.com/fiorix/go-smpp/cmd/smsapid/internal/http.go:91.3,92.33 1 1
github.com/fiorix/go-smpp/cmd/smsapid/internal/http.go:93.3,94.31 1 1
github.com/fiorix/go-smpp/cmd/smsapid/internal/http.go:97.3,98.43 1 1
github.com/fiorix/go-smpp/cmd/smsapid/internal/http.go:99.3,100.45 1 1
github.com/fiorix/go-smpp/cmd/smsapid/internal/http.go:103.34,108.4 2 1
github.com/fiorix/go-smpp/cmd/smsapid/internal/http.go:109.17,112.4 2 1
github.com/fiorix/go-smpp/cmd/smsapid/internal/http.go:121.40,122.52 1 1
github.com/fiorix/go-smpp/cmd/smsapid/internal/http.go:152.2,152.37 1 1
github.com/fiorix/go-smpp/cmd/smsapid/internal/http.go:122.52,128.42 3 1
github.com/fiorix/go-smpp/cmd/smsapid/internal/http.go:132.3,133.17 2 1
github.com/fiorix/go-smpp/cmd/smsapid/internal/http.go:135.3,135.34 1 1
github.com/fiorix/go-smpp/cmd/smsapid/internal/http.go:141.3,141.17 1 1
github.com/fiorix/go-smpp/cmd/smsapid/internal/http.go:145.3,150.44 2 1
github.com/fiorix/go-smpp/cmd/smsapid/internal/http.go:128.42,131.4 2 1
github.com/fiorix/go-smpp/cmd/smsapid/internal/http.go:133.17,134.4 0 1
github.com/fiorix/go-smpp/cmd/smsapid/internal/http.go:135.34,140.4 2 1
github.com/fiorix/go-smpp/cmd/smsapid/internal/http.go:141.17,144.4 2 1
github.com/fiorix/go-smpp/cmd/smsapid/internal/http.go:155.38,156.52 1 1
github.com/fiorix/go-smpp/cmd/smsapid/internal/http.go:187.2,187.29 1 1
github.com/fiorix/go-smpp/cmd/smsapid/internal/http.go:156.52,158.10 2 1
github.com/fiorix/go-smpp/cmd/smsapid/internal/http.go:163.3,164.10 2 1
github.com/fiorix/go-smpp/cmd/smsapid/internal/http.go:169.3,175.7 7 1
github.com/fiorix/go-smpp/cmd/smsapid/internal/http.go:158.10,162.4 2 0
github.com/fiorix/go-smpp/cmd/smsapid/internal/http.go:164.10,168.4 2 0
github.com/fiorix/go-smpp/cmd/smsapid/internal/http.go:175.7,176.11 1 1
github.com/fiorix/go-smpp/cmd/smsapid/internal/http.go:177.4,181.17 4 1
github.com/fiorix/go-smpp/cmd/smsapid/internal/http.go:182.4,183.11 1 1
github.com/fiorix/go-smpp/cmd/smsapid/internal/http.go:190.40,191.23 1 1
github.com/fiorix/go-smpp/cmd/smsapid/internal/http.go:192.2,199.21 3 1
github.com/fiorix/go-smpp/cmd/smsapid/internal/http.go:214.67,220.2 5 1
github.com/fiorix/go-smpp/cmd/smsapid/internal/http.go:222.47,225.14 3 1
github.com/fiorix/go-smpp/cmd/smsapid/internal/http.go:229.2,229.16 1 1
github.com/fiorix/go-smpp/cmd/smsapid/internal/http.go:225.14,228.3 2 1
github.com/fiorix/go-smpp/cmd/smsapid/internal/http.go:232.56,234.25 2 1
github.com/fiorix/go-smpp/cmd/smsapid/internal/http.go:240.2,240.16 1 1
github.com/fiorix/go-smpp/cmd/smsapid/internal/http.go:234.25,235.10 1 1
github.com/fiorix/go-smpp/cmd/smsapid/internal/http.go:236.3,236.15 0 1
github.com/fiorix/go-smpp/cmd/smsapid/internal/http.go:237.3,237.11 0 0
github.com/fiorix/go-smpp/cmd/smsapid/internal/auth.go:10.48,12.2 1 1
